[0909/091249.476:ERROR:os_crypt_win.cc(93)] Failed to decrypt: Key not valid for use in specified state. (0x8009000B)
[0909/091250.134:ERROR:backend_impl.cc(1041)] Critical error found -8
[0909/091250.135:ERROR:entry_impl.cc(1075)] No file for c1030000
[0909/091250.135:WARNING:storage_block-inl.h(146)] Failed data load.
[0909/091250.135:WARNING:storage_block-inl.h(146)] Failed data load.
[0909/091250.135:WARNING:storage_block-inl.h(146)] Failed data load.
[0909/091250.135:WARNING:storage_block-inl.h(146)] Failed data load.
[0909/091250.135:ERROR:entry_impl.cc(1075)] No file for c1030002
[0909/091250.135:WARNING:storage_block-inl.h(146)] Failed data load.
[0909/091250.135:WARNING:storage_block-inl.h(146)] Failed data load.
[0909/091250.135:WARNING:storage_block-inl.h(146)] Failed data load.
[0909/091250.135:WARNING:storage_block-inl.h(146)] Failed data load.
[0909/091250.135:ERROR:entry_impl.cc(1075)] No file for c1030004
[0909/091250.135:WARNING:storage_block-inl.h(146)] Failed data load.
[0909/091250.135:WARNING:storage_block-inl.h(146)] Failed data load.
[0909/091250.136:WARNING:storage_block-inl.h(146)] Failed data load.
[0909/091253.532:WARNING:value_store_frontend.cc(45)] Reading mhjfbmdgcfjbbpaeojofohoefgiehjai.alarms from  failed: IO error: .../MANIFEST-000001: Unable to create sequential file (ChromeMethodBFE: 7::NewSequentialFile::1)
[0909/091428.608:WARNING:spdy_session.cc(3378)] Received WINDOW_UPDATE for invalid stream 97
[0909/091428.615:WARNING:spdy_session.cc(3431)] Received HEADERS for invalid stream 89
[0909/091449.845:ERROR:gpu_init.cc(426)] Passthrough is not supported, GL is disabled
